[debug] [2022-05-03T16:26:11.836Z] ----------------------------------------------------------------------
[debug] [2022-05-03T16:26:11.838Z] Command:       C:\Program Files\nodejs\node.exe C:\Users\Marios\AppData\Roaming\npm\node_modules\firebase-tools\lib\bin\firebase.js emulators:start --only functions
[debug] [2022-05-03T16:26:11.839Z] CLI Version:   10.7.1
[debug] [2022-05-03T16:26:11.840Z] Platform:      win32
[debug] [2022-05-03T16:26:11.840Z] Node Version:  v16.14.0
[debug] [2022-05-03T16:26:11.841Z] Time:          Tue May 03 2022 12:26:11 GMT-0400 (Eastern Daylight Time)
[debug] [2022-05-03T16:26:11.841Z] ----------------------------------------------------------------------
[debug] 
[debug] [2022-05-03T16:26:11.943Z] > command requires scopes: ["email","openid","https://www.googleapis.com/auth/cloudplatformprojects.readonly","https://www.googleapis.com/auth/firebase","https://www.googleapis.com/auth/cloud-platform"]
[debug] [2022-05-03T16:26:11.944Z] > authorizing via signed-in user (marioswow20@gmail.com)
[info] i  emulators: Starting emulators: functions {"metadata":{"emulator":{"name":"hub"},"message":"Starting emulators: functions"}}
[warn] !  emulators: It seems that you are running multiple instances of the emulator suite for project mealstogo-b3cc7. This may result in unexpected behavior. 
[debug] [2022-05-03T16:26:12.008Z] [hub] writing locator at C:\Users\Marios\AppData\Local\Temp\hub-mealstogo-b3cc7.json
[warn] !  functions: The following emulators are not running, calls to these services from the Functions emulator will affect production: auth, firestore, database, hosting, pubsub, storage {"metadata":{"emulator":{"name":"functions"},"message":"The following emulators are not running, calls to these services from the Functions emulator will affect production: \u001b[1mauth, firestore, database, hosting, pubsub, storage\u001b[22m"}}
[info] +  functions: Using node@16 from host. {"metadata":{"emulator":{"name":"functions"},"message":"Using node@16 from host."}}
[debug] [2022-05-03T16:26:12.061Z] defaultcredentials: writing to file C:\Users\Marios\AppData\Roaming\firebase\marioswow20_gmail_com_application_default_credentials.json
[debug] [2022-05-03T16:26:12.062Z] Setting GAC to C:\Users\Marios\AppData\Roaming\firebase\marioswow20_gmail_com_application_default_credentials.json {"metadata":{"emulator":{"name":"functions"},"message":"Setting GAC to C:\\Users\\Marios\\AppData\\Roaming\\firebase\\marioswow20_gmail_com_application_default_credentials.json"}}
[debug] [2022-05-03T16:26:12.069Z] >>> [apiv2][query] GET https://firebase.googleapis.com/v1beta1/projects/mealstogo-b3cc7/adminSdkConfig [none]
[debug] [2022-05-03T16:26:12.484Z] <<< [apiv2][status] GET https://firebase.googleapis.com/v1beta1/projects/mealstogo-b3cc7/adminSdkConfig 200
[debug] [2022-05-03T16:26:12.484Z] <<< [apiv2][body] GET https://firebase.googleapis.com/v1beta1/projects/mealstogo-b3cc7/adminSdkConfig {"projectId":"mealstogo-b3cc7","storageBucket":"mealstogo-b3cc7.appspot.com"}
[warn] !  ui: Emulator UI unable to start on port 4000, starting on 4002 instead. {"metadata":{"emulator":{"name":"ui"},"message":"Emulator UI unable to start on port 4000, starting on 4002 instead."}}
[debug] [2022-05-03T16:26:12.525Z] Ignoring unsupported arg: auto_download {"metadata":{"emulator":{"name":"ui"},"message":"Ignoring unsupported arg: auto_download"}}
[debug] [2022-05-03T16:26:12.526Z] Ignoring unsupported arg: port {"metadata":{"emulator":{"name":"ui"},"message":"Ignoring unsupported arg: port"}}
[debug] [2022-05-03T16:26:12.526Z] Starting Emulator UI with command {"binary":"node","args":["C:\\Users\\Marios\\.cache\\firebase\\emulators\\ui-v1.6.5\\server.bundle.js"],"optionalArgs":[],"joinArgs":false} {"metadata":{"emulator":{"name":"ui"},"message":"Starting Emulator UI with command {\"binary\":\"node\",\"args\":[\"C:\\\\Users\\\\Marios\\\\.cache\\\\firebase\\\\emulators\\\\ui-v1.6.5\\\\server.bundle.js\"],\"optionalArgs\":[],\"joinArgs\":false}"}}
[info] i  ui: Emulator UI logging to ui-debug.log {"metadata":{"emulator":{"name":"ui"},"message":"Emulator UI logging to \u001b[1mui-debug.log\u001b[22m"}}
[debug] [2022-05-03T16:26:12.796Z] Web / API server started at localhost:4002
 {"metadata":{"emulator":{"name":"ui"},"message":"Web / API server started at localhost:4002\n"}}
[info] i  functions: Watching "C:\Users\Marios\Documents\ReactNativeProjects\RNMealsToGo\MealsToGo\functions" for Cloud Functions... {"metadata":{"emulator":{"name":"functions"},"message":"Watching \"C:\\Users\\Marios\\Documents\\ReactNativeProjects\\RNMealsToGo\\MealsToGo\\functions\" for Cloud Functions..."}}
[debug] [2022-05-03T16:26:12.805Z] Validating nodejs source
[debug] [2022-05-03T16:26:16.336Z] > [functions] package.json contents: {
  "name": "functions",
  "description": "Cloud Functions for Firebase",
  "scripts": {
    "serve": "firebase emulators:start --only functions",
    "shell": "firebase functions:shell",
    "start": "npm run shell",
    "deploy": "firebase deploy --only functions",
    "logs": "firebase functions:log"
  },
  "engines": {
    "node": "16"
  },
  "main": "index.js",
  "dependencies": {
    "firebase-admin": "^10.0.2",
    "firebase-functions": "^3.18.0"
  },
  "devDependencies": {
    "firebase-functions-test": "^0.2.0"
  },
  "private": true
}
[debug] [2022-05-03T16:26:16.337Z] Building nodejs source
[debug] [2022-05-03T16:26:16.337Z] Analyzing nodejs backend spec
[info] +  functions[us-central1-geocode]: http function initialized (http://localhost:5001/mealstogo-b3cc7/us-central1/geocode). {"metadata":{"emulator":{"name":"functions"},"message":"\u001b[1mhttp\u001b[22m function initialized (http://localhost:5001/mealstogo-b3cc7/us-central1/geocode)."}}
[info] +  functions[us-central1-placesNearby]: http function initialized (http://localhost:5001/mealstogo-b3cc7/us-central1/placesNearby). {"metadata":{"emulator":{"name":"functions"},"message":"\u001b[1mhttp\u001b[22m function initialized (http://localhost:5001/mealstogo-b3cc7/us-central1/placesNearby)."}}
[info] 
┌─────────────────────────────────────────────────────────────┐
│ ✔  All emulators ready! It is now safe to connect your app. │
│ i  View Emulator UI at http://localhost:4002                │
└─────────────────────────────────────────────────────────────┘

┌───────────┬────────────────┬─────────────────────────────────┐
│ Emulator  │ Host:Port      │ View in Emulator UI             │
├───────────┼────────────────┼─────────────────────────────────┤
│ Functions │ localhost:5001 │ http://localhost:4002/functions │
└───────────┴────────────────┴─────────────────────────────────┘
  Emulator Hub running at localhost:4400
  Other reserved ports: 4500

Issues? Report them at https://github.com/firebase/firebase-tools/issues and attach the *-debug.log files.
 
[debug] [2022-05-03T16:26:24.134Z] [work-queue] {"queueLength":1,"workRunningCount":0}
[debug] [2022-05-03T16:26:24.134Z] [work-queue] {"queueLength":0,"workRunningCount":1}
[debug] [2022-05-03T16:26:24.135Z] Accepted request GET /mealstogo-b3cc7/us-central1/placesNearby?location=51.219448,4.402464 --> us-central1-placesNearby
[debug] [2022-05-03T16:26:24.142Z] [worker-pool] addWorker(us-central1-placesNearby) {"metadata":{"emulator":{"name":"functions"},"message":"[worker-pool] addWorker(us-central1-placesNearby)"}}
[debug] [2022-05-03T16:26:24.142Z] [worker-pool] Adding worker with key us-central1-placesNearby, total=1 {"metadata":{"emulator":{"name":"functions"},"message":"[worker-pool] Adding worker with key us-central1-placesNearby, total=1"}}
[debug] [2022-05-03T16:26:24.142Z] [worker-pool] submitWork(triggerId=us-central1-placesNearby) {"metadata":{"emulator":{"name":"functions"},"message":"[worker-pool] submitWork(triggerId=us-central1-placesNearby)"}}
[debug] [2022-05-03T16:26:24.143Z] [worker-us-central1-placesNearby-d1e7419e-6f84-4b7f-a5b4-60a4fd90f8d5]: Assigning socketPath: \\?\pipe\C:\Users\Marios\Documents\ReactNativeProjects\RNMealsToGo\MealsToGo\functions\9472 {"metadata":{"emulator":{"name":"functions"},"message":"[worker-us-central1-placesNearby-d1e7419e-6f84-4b7f-a5b4-60a4fd90f8d5]: Assigning socketPath: \\\\?\\pipe\\C:\\Users\\Marios\\Documents\\ReactNativeProjects\\RNMealsToGo\\MealsToGo\\functions\\9472"}}
[debug] [2022-05-03T16:26:24.143Z] [worker-us-central1-placesNearby-d1e7419e-6f84-4b7f-a5b4-60a4fd90f8d5]: BUSY {"metadata":{"emulator":{"name":"functions"},"message":"[worker-us-central1-placesNearby-d1e7419e-6f84-4b7f-a5b4-60a4fd90f8d5]: BUSY"}}
[debug] [2022-05-03T16:26:26.107Z] [runtime-status] [9472] Functions runtime initialized. {"cwd":"C:\\Users\\Marios\\Documents\\ReactNativeProjects\\RNMealsToGo\\MealsToGo\\functions","node_version":"16.14.0"} {"metadata":{"emulator":{"name":"functions"},"function":{"name":"us-central1-placesNearby"},"extension":{},"message":"[runtime-status] [9472] Functions runtime initialized. {\"cwd\":\"C:\\\\Users\\\\Marios\\\\Documents\\\\ReactNativeProjects\\\\RNMealsToGo\\\\MealsToGo\\\\functions\",\"node_version\":\"16.14.0\"}"}}
[debug] [2022-05-03T16:26:26.108Z] [runtime-status] [9472] Disabled runtime features: undefined {"metadata":{"emulator":{"name":"functions"},"function":{"name":"us-central1-placesNearby"},"extension":{},"message":"[runtime-status] [9472] Disabled runtime features: undefined"}}
[debug] [2022-05-03T16:26:26.112Z] [runtime-status] [9472] Resolved module firebase-admin {"declared":true,"installed":true,"version":"10.1.0","resolution":"C:\\Users\\Marios\\Documents\\ReactNativeProjects\\RNMealsToGo\\MealsToGo\\functions\\node_modules\\firebase-admin\\lib\\index.js"} {"metadata":{"emulator":{"name":"functions"},"function":{"name":"us-central1-placesNearby"},"extension":{},"message":"[runtime-status] [9472] Resolved module firebase-admin {\"declared\":true,\"installed\":true,\"version\":\"10.1.0\",\"resolution\":\"C:\\\\Users\\\\Marios\\\\Documents\\\\ReactNativeProjects\\\\RNMealsToGo\\\\MealsToGo\\\\functions\\\\node_modules\\\\firebase-admin\\\\lib\\\\index.js\"}"}}
[debug] [2022-05-03T16:26:26.114Z] [runtime-status] [9472] Resolved module firebase-functions {"declared":true,"installed":true,"version":"3.20.1","resolution":"C:\\Users\\Marios\\Documents\\ReactNativeProjects\\RNMealsToGo\\MealsToGo\\functions\\node_modules\\firebase-functions\\lib\\index.js"} {"metadata":{"emulator":{"name":"functions"},"function":{"name":"us-central1-placesNearby"},"extension":{},"message":"[runtime-status] [9472] Resolved module firebase-functions {\"declared\":true,\"installed\":true,\"version\":\"3.20.1\",\"resolution\":\"C:\\\\Users\\\\Marios\\\\Documents\\\\ReactNativeProjects\\\\RNMealsToGo\\\\MealsToGo\\\\functions\\\\node_modules\\\\firebase-functions\\\\lib\\\\index.js\"}"}}
[debug] [2022-05-03T16:26:26.114Z] [runtime-status] [9472] Outgoing network have been stubbed. [{"name":"http","status":"mocked"},{"name":"http","status":"mocked"},{"name":"https","status":"mocked"},{"name":"https","status":"mocked"},{"name":"net","status":"mocked"}] {"metadata":{"emulator":{"name":"functions"},"function":{"name":"us-central1-placesNearby"},"extension":{},"message":"[runtime-status] [9472] Outgoing network have been stubbed. [{\"name\":\"http\",\"status\":\"mocked\"},{\"name\":\"http\",\"status\":\"mocked\"},{\"name\":\"https\",\"status\":\"mocked\"},{\"name\":\"https\",\"status\":\"mocked\"},{\"name\":\"net\",\"status\":\"mocked\"}]"}}
[debug] [2022-05-03T16:26:26.115Z] [runtime-status] [9472] Resolved module firebase-functions {"declared":true,"installed":true,"version":"3.20.1","resolution":"C:\\Users\\Marios\\Documents\\ReactNativeProjects\\RNMealsToGo\\MealsToGo\\functions\\node_modules\\firebase-functions\\lib\\index.js"} {"metadata":{"emulator":{"name":"functions"},"function":{"name":"us-central1-placesNearby"},"extension":{},"message":"[runtime-status] [9472] Resolved module firebase-functions {\"declared\":true,\"installed\":true,\"version\":\"3.20.1\",\"resolution\":\"C:\\\\Users\\\\Marios\\\\Documents\\\\ReactNativeProjects\\\\RNMealsToGo\\\\MealsToGo\\\\functions\\\\node_modules\\\\firebase-functions\\\\lib\\\\index.js\"}"}}
[debug] [2022-05-03T16:26:26.219Z] [runtime-status] [9472] Checked functions.config() {"config":{}} {"metadata":{"emulator":{"name":"functions"},"function":{"name":"us-central1-placesNearby"},"extension":{},"message":"[runtime-status] [9472] Checked functions.config() {\"config\":{}}"}}
[debug] [2022-05-03T16:26:26.219Z] [runtime-status] [9472] firebase-functions has been stubbed. {"functionsResolution":{"declared":true,"installed":true,"version":"3.20.1","resolution":"C:\\Users\\Marios\\Documents\\ReactNativeProjects\\RNMealsToGo\\MealsToGo\\functions\\node_modules\\firebase-functions\\lib\\index.js"}} {"metadata":{"emulator":{"name":"functions"},"function":{"name":"us-central1-placesNearby"},"extension":{},"message":"[runtime-status] [9472] firebase-functions has been stubbed. {\"functionsResolution\":{\"declared\":true,\"installed\":true,\"version\":\"3.20.1\",\"resolution\":\"C:\\\\Users\\\\Marios\\\\Documents\\\\ReactNativeProjects\\\\RNMealsToGo\\\\MealsToGo\\\\functions\\\\node_modules\\\\firebase-functions\\\\lib\\\\index.js\"}}"}}
[debug] [2022-05-03T16:26:26.221Z] [runtime-status] [9472] Resolved module firebase-functions {"declared":true,"installed":true,"version":"3.20.1","resolution":"C:\\Users\\Marios\\Documents\\ReactNativeProjects\\RNMealsToGo\\MealsToGo\\functions\\node_modules\\firebase-functions\\lib\\index.js"} {"metadata":{"emulator":{"name":"functions"},"function":{"name":"us-central1-placesNearby"},"extension":{},"message":"[runtime-status] [9472] Resolved module firebase-functions {\"declared\":true,\"installed\":true,\"version\":\"3.20.1\",\"resolution\":\"C:\\\\Users\\\\Marios\\\\Documents\\\\ReactNativeProjects\\\\RNMealsToGo\\\\MealsToGo\\\\functions\\\\node_modules\\\\firebase-functions\\\\lib\\\\index.js\"}"}}
[debug] [2022-05-03T16:26:26.222Z] [runtime-status] [9472] Resolved module firebase-admin {"declared":true,"installed":true,"version":"10.1.0","resolution":"C:\\Users\\Marios\\Documents\\ReactNativeProjects\\RNMealsToGo\\MealsToGo\\functions\\node_modules\\firebase-admin\\lib\\index.js"} {"metadata":{"emulator":{"name":"functions"},"function":{"name":"us-central1-placesNearby"},"extension":{},"message":"[runtime-status] [9472] Resolved module firebase-admin {\"declared\":true,\"installed\":true,\"version\":\"10.1.0\",\"resolution\":\"C:\\\\Users\\\\Marios\\\\Documents\\\\ReactNativeProjects\\\\RNMealsToGo\\\\MealsToGo\\\\functions\\\\node_modules\\\\firebase-admin\\\\lib\\\\index.js\"}"}}
[debug] [2022-05-03T16:26:26.223Z] [runtime-status] [9472] Resolved module firebase-functions {"declared":true,"installed":true,"version":"3.20.1","resolution":"C:\\Users\\Marios\\Documents\\ReactNativeProjects\\RNMealsToGo\\MealsToGo\\functions\\node_modules\\firebase-functions\\lib\\index.js"} {"metadata":{"emulator":{"name":"functions"},"function":{"name":"us-central1-placesNearby"},"extension":{},"message":"[runtime-status] [9472] Resolved module firebase-functions {\"declared\":true,\"installed\":true,\"version\":\"3.20.1\",\"resolution\":\"C:\\\\Users\\\\Marios\\\\Documents\\\\ReactNativeProjects\\\\RNMealsToGo\\\\MealsToGo\\\\functions\\\\node_modules\\\\firebase-functions\\\\lib\\\\index.js\"}"}}
[debug] [2022-05-03T16:26:26.224Z] [runtime-status] [9472] firebase-admin has been stubbed. {"adminResolution":{"declared":true,"installed":true,"version":"10.1.0","resolution":"C:\\Users\\Marios\\Documents\\ReactNativeProjects\\RNMealsToGo\\MealsToGo\\functions\\node_modules\\firebase-admin\\lib\\index.js"}} {"metadata":{"emulator":{"name":"functions"},"function":{"name":"us-central1-placesNearby"},"extension":{},"message":"[runtime-status] [9472] firebase-admin has been stubbed. {\"adminResolution\":{\"declared\":true,\"installed\":true,\"version\":\"10.1.0\",\"resolution\":\"C:\\\\Users\\\\Marios\\\\Documents\\\\ReactNativeProjects\\\\RNMealsToGo\\\\MealsToGo\\\\functions\\\\node_modules\\\\firebase-admin\\\\lib\\\\index.js\"}}"}}
[debug] [2022-05-03T16:26:26.233Z] [runtime-status] [9472] Beginning invocation function placesNearby! {"metadata":{"emulator":{"name":"functions"},"function":{"name":"us-central1-placesNearby"},"extension":{},"message":"[runtime-status] [9472] Beginning invocation function placesNearby!"}}
[info] i  functions: Beginning execution of "placesNearby" {"metadata":{"emulator":{"name":"functions"},"function":{"name":"us-central1-placesNearby"},"extension":{},"message":"Beginning execution of \"placesNearby\""}}
[debug] [2022-05-03T16:26:26.234Z] [runtime-status] [9472] Running placesNearby in signature http {"metadata":{"emulator":{"name":"functions"},"function":{"name":"us-central1-placesNearby"},"extension":{},"message":"[runtime-status] [9472] Running placesNearby in signature http"}}
[debug] [2022-05-03T16:26:26.238Z] [runtime-status] [9472] Attempting to listen to socketPath: \\?\pipe\C:\Users\Marios\Documents\ReactNativeProjects\RNMealsToGo\MealsToGo\functions\9472 {"metadata":{"emulator":{"name":"functions"},"function":{"name":"us-central1-placesNearby"},"extension":{},"message":"[runtime-status] [9472] Attempting to listen to socketPath: \\\\?\\pipe\\C:\\Users\\Marios\\Documents\\ReactNativeProjects\\RNMealsToGo\\MealsToGo\\functions\\9472"}}
[debug] [2022-05-03T16:26:26.242Z] [functions] Runtime ready! Sending request! {"metadata":{"emulator":{"name":"functions"},"message":"[functions] Runtime ready! Sending request!"}}
[debug] [2022-05-03T16:26:26.244Z] [functions] Got req.url=/mealstogo-b3cc7/us-central1/placesNearby?location=51.219448,4.402464, mapping to path=/?location=51.219448,4.402464 {"metadata":{"emulator":{"name":"functions"},"message":"[functions] Got req.url=/mealstogo-b3cc7/us-central1/placesNearby?location=51.219448,4.402464, mapping to path=/?location=51.219448,4.402464"}}
[debug] [2022-05-03T16:26:26.271Z] [runtime-status] [9472] Ephemeral server handling GET request {"metadata":{"emulator":{"name":"functions"},"function":{"name":"us-central1-placesNearby"},"extension":{},"message":"[runtime-status] [9472] Ephemeral server handling GET request"}}
[debug] [2022-05-03T16:26:26.277Z] [runtime-status] [9472] Ephemeral server survived. {"metadata":{"emulator":{"name":"functions"},"function":{"name":"us-central1-placesNearby"},"extension":{},"message":"[runtime-status] [9472] Ephemeral server survived."}}
[info] i  functions: Finished "placesNearby" in ~1s {"metadata":{"emulator":{"name":"functions"},"function":{"name":"us-central1-placesNearby"},"extension":{},"message":"Finished \"placesNearby\" in ~1s"}}
[debug] [2022-05-03T16:26:26.282Z] [worker-us-central1-placesNearby-d1e7419e-6f84-4b7f-a5b4-60a4fd90f8d5]: IDLE {"metadata":{"emulator":{"name":"functions"},"message":"[worker-us-central1-placesNearby-d1e7419e-6f84-4b7f-a5b4-60a4fd90f8d5]: IDLE"}}
[debug] [2022-05-03T16:26:26.283Z] [work-queue] {"queueLength":0,"workRunningCount":0}
[debug] [2022-05-03T16:27:07.765Z] File C:\Users\Marios\Documents\ReactNativeProjects\RNMealsToGo\MealsToGo\functions\places\index.js changed, reloading triggers {"metadata":{"emulator":{"name":"functions"},"message":"File C:\\Users\\Marios\\Documents\\ReactNativeProjects\\RNMealsToGo\\MealsToGo\\functions\\places\\index.js changed, reloading triggers"}}
[debug] [2022-05-03T16:27:08.768Z] [worker-pool] Shutting down IDLE worker (us-central1-placesNearby) {"metadata":{"emulator":{"name":"functions"},"message":"[worker-pool] Shutting down IDLE worker (us-central1-placesNearby)"}}
[debug] [2022-05-03T16:27:08.768Z] [worker-us-central1-placesNearby-d1e7419e-6f84-4b7f-a5b4-60a4fd90f8d5]: FINISHING {"metadata":{"emulator":{"name":"functions"},"message":"[worker-us-central1-placesNearby-d1e7419e-6f84-4b7f-a5b4-60a4fd90f8d5]: FINISHING"}}
[debug] [2022-05-03T16:27:08.770Z] Validating nodejs source
[debug] [2022-05-03T16:27:12.919Z] > [functions] package.json contents: {
  "name": "functions",
  "description": "Cloud Functions for Firebase",
  "scripts": {
    "serve": "firebase emulators:start --only functions",
    "shell": "firebase functions:shell",
    "start": "npm run shell",
    "deploy": "firebase deploy --only functions",
    "logs": "firebase functions:log"
  },
  "engines": {
    "node": "16"
  },
  "main": "index.js",
  "dependencies": {
    "firebase-admin": "^10.0.2",
    "firebase-functions": "^3.18.0"
  },
  "devDependencies": {
    "firebase-functions-test": "^0.2.0"
  },
  "private": true
}
[debug] [2022-05-03T16:27:12.919Z] Building nodejs source
[debug] [2022-05-03T16:27:12.919Z] Analyzing nodejs backend spec
[debug] [2022-05-03T16:27:12.923Z] [worker-us-central1-placesNearby-d1e7419e-6f84-4b7f-a5b4-60a4fd90f8d5]: exited {"metadata":{"emulator":{"name":"functions"},"message":"[worker-us-central1-placesNearby-d1e7419e-6f84-4b7f-a5b4-60a4fd90f8d5]: exited"}}
[debug] [2022-05-03T16:27:12.923Z] [worker-us-central1-placesNearby-d1e7419e-6f84-4b7f-a5b4-60a4fd90f8d5]: FINISHED {"metadata":{"emulator":{"name":"functions"},"message":"[worker-us-central1-placesNearby-d1e7419e-6f84-4b7f-a5b4-60a4fd90f8d5]: FINISHED"}}
[debug] [2022-05-03T16:27:28.810Z] [work-queue] {"queueLength":1,"workRunningCount":0}
[debug] [2022-05-03T16:27:28.810Z] [work-queue] {"queueLength":0,"workRunningCount":1}
[debug] [2022-05-03T16:27:28.810Z] Accepted request GET /mealstogo-b3cc7/us-central1/placesNearby?location=51.219448,4.402464 --> us-central1-placesNearby
[debug] [2022-05-03T16:27:28.811Z] [worker-pool] Cleaned up workers for us-central1-placesNearby: 1 --> 0 {"metadata":{"emulator":{"name":"functions"},"message":"[worker-pool] Cleaned up workers for us-central1-placesNearby: 1 --> 0"}}
[debug] [2022-05-03T16:27:28.816Z] [worker-pool] addWorker(us-central1-placesNearby) {"metadata":{"emulator":{"name":"functions"},"message":"[worker-pool] addWorker(us-central1-placesNearby)"}}
[debug] [2022-05-03T16:27:28.816Z] [worker-pool] Adding worker with key us-central1-placesNearby, total=1 {"metadata":{"emulator":{"name":"functions"},"message":"[worker-pool] Adding worker with key us-central1-placesNearby, total=1"}}
[debug] [2022-05-03T16:27:28.817Z] [worker-pool] submitWork(triggerId=us-central1-placesNearby) {"metadata":{"emulator":{"name":"functions"},"message":"[worker-pool] submitWork(triggerId=us-central1-placesNearby)"}}
[debug] [2022-05-03T16:27:28.817Z] [worker-us-central1-placesNearby-03a68998-da04-4460-af74-27272aed20b7]: Assigning socketPath: \\?\pipe\C:\Users\Marios\Documents\ReactNativeProjects\RNMealsToGo\MealsToGo\functions\10412 {"metadata":{"emulator":{"name":"functions"},"message":"[worker-us-central1-placesNearby-03a68998-da04-4460-af74-27272aed20b7]: Assigning socketPath: \\\\?\\pipe\\C:\\Users\\Marios\\Documents\\ReactNativeProjects\\RNMealsToGo\\MealsToGo\\functions\\10412"}}
[debug] [2022-05-03T16:27:28.817Z] [worker-us-central1-placesNearby-03a68998-da04-4460-af74-27272aed20b7]: BUSY {"metadata":{"emulator":{"name":"functions"},"message":"[worker-us-central1-placesNearby-03a68998-da04-4460-af74-27272aed20b7]: BUSY"}}
[debug] [2022-05-03T16:27:30.581Z] [runtime-status] [10412] Functions runtime initialized. {"cwd":"C:\\Users\\Marios\\Documents\\ReactNativeProjects\\RNMealsToGo\\MealsToGo\\functions","node_version":"16.14.0"} {"metadata":{"emulator":{"name":"functions"},"function":{"name":"us-central1-placesNearby"},"extension":{},"message":"[runtime-status] [10412] Functions runtime initialized. {\"cwd\":\"C:\\\\Users\\\\Marios\\\\Documents\\\\ReactNativeProjects\\\\RNMealsToGo\\\\MealsToGo\\\\functions\",\"node_version\":\"16.14.0\"}"}}
[debug] [2022-05-03T16:27:30.582Z] [runtime-status] [10412] Disabled runtime features: undefined {"metadata":{"emulator":{"name":"functions"},"function":{"name":"us-central1-placesNearby"},"extension":{},"message":"[runtime-status] [10412] Disabled runtime features: undefined"}}
[debug] [2022-05-03T16:27:30.586Z] [runtime-status] [10412] Resolved module firebase-admin {"declared":true,"installed":true,"version":"10.1.0","resolution":"C:\\Users\\Marios\\Documents\\ReactNativeProjects\\RNMealsToGo\\MealsToGo\\functions\\node_modules\\firebase-admin\\lib\\index.js"} {"metadata":{"emulator":{"name":"functions"},"function":{"name":"us-central1-placesNearby"},"extension":{},"message":"[runtime-status] [10412] Resolved module firebase-admin {\"declared\":true,\"installed\":true,\"version\":\"10.1.0\",\"resolution\":\"C:\\\\Users\\\\Marios\\\\Documents\\\\ReactNativeProjects\\\\RNMealsToGo\\\\MealsToGo\\\\functions\\\\node_modules\\\\firebase-admin\\\\lib\\\\index.js\"}"}}
[debug] [2022-05-03T16:27:30.588Z] [runtime-status] [10412] Resolved module firebase-functions {"declared":true,"installed":true,"version":"3.20.1","resolution":"C:\\Users\\Marios\\Documents\\ReactNativeProjects\\RNMealsToGo\\MealsToGo\\functions\\node_modules\\firebase-functions\\lib\\index.js"} {"metadata":{"emulator":{"name":"functions"},"function":{"name":"us-central1-placesNearby"},"extension":{},"message":"[runtime-status] [10412] Resolved module firebase-functions {\"declared\":true,\"installed\":true,\"version\":\"3.20.1\",\"resolution\":\"C:\\\\Users\\\\Marios\\\\Documents\\\\ReactNativeProjects\\\\RNMealsToGo\\\\MealsToGo\\\\functions\\\\node_modules\\\\firebase-functions\\\\lib\\\\index.js\"}"}}
[debug] [2022-05-03T16:27:30.589Z] [runtime-status] [10412] Outgoing network have been stubbed. [{"name":"http","status":"mocked"},{"name":"http","status":"mocked"},{"name":"https","status":"mocked"},{"name":"https","status":"mocked"},{"name":"net","status":"mocked"}] {"metadata":{"emulator":{"name":"functions"},"function":{"name":"us-central1-placesNearby"},"extension":{},"message":"[runtime-status] [10412] Outgoing network have been stubbed. [{\"name\":\"http\",\"status\":\"mocked\"},{\"name\":\"http\",\"status\":\"mocked\"},{\"name\":\"https\",\"status\":\"mocked\"},{\"name\":\"https\",\"status\":\"mocked\"},{\"name\":\"net\",\"status\":\"mocked\"}]"}}
[debug] [2022-05-03T16:27:30.589Z] [runtime-status] [10412] Resolved module firebase-functions {"declared":true,"installed":true,"version":"3.20.1","resolution":"C:\\Users\\Marios\\Documents\\ReactNativeProjects\\RNMealsToGo\\MealsToGo\\functions\\node_modules\\firebase-functions\\lib\\index.js"} {"metadata":{"emulator":{"name":"functions"},"function":{"name":"us-central1-placesNearby"},"extension":{},"message":"[runtime-status] [10412] Resolved module firebase-functions {\"declared\":true,\"installed\":true,\"version\":\"3.20.1\",\"resolution\":\"C:\\\\Users\\\\Marios\\\\Documents\\\\ReactNativeProjects\\\\RNMealsToGo\\\\MealsToGo\\\\functions\\\\node_modules\\\\firebase-functions\\\\lib\\\\index.js\"}"}}
[debug] [2022-05-03T16:27:30.695Z] [runtime-status] [10412] Checked functions.config() {"config":{}} {"metadata":{"emulator":{"name":"functions"},"function":{"name":"us-central1-placesNearby"},"extension":{},"message":"[runtime-status] [10412] Checked functions.config() {\"config\":{}}"}}
[debug] [2022-05-03T16:27:30.695Z] [runtime-status] [10412] firebase-functions has been stubbed. {"functionsResolution":{"declared":true,"installed":true,"version":"3.20.1","resolution":"C:\\Users\\Marios\\Documents\\ReactNativeProjects\\RNMealsToGo\\MealsToGo\\functions\\node_modules\\firebase-functions\\lib\\index.js"}} {"metadata":{"emulator":{"name":"functions"},"function":{"name":"us-central1-placesNearby"},"extension":{},"message":"[runtime-status] [10412] firebase-functions has been stubbed. {\"functionsResolution\":{\"declared\":true,\"installed\":true,\"version\":\"3.20.1\",\"resolution\":\"C:\\\\Users\\\\Marios\\\\Documents\\\\ReactNativeProjects\\\\RNMealsToGo\\\\MealsToGo\\\\functions\\\\node_modules\\\\firebase-functions\\\\lib\\\\index.js\"}}"}}
[debug] [2022-05-03T16:27:30.696Z] [runtime-status] [10412] Resolved module firebase-functions {"declared":true,"installed":true,"version":"3.20.1","resolution":"C:\\Users\\Marios\\Documents\\ReactNativeProjects\\RNMealsToGo\\MealsToGo\\functions\\node_modules\\firebase-functions\\lib\\index.js"} {"metadata":{"emulator":{"name":"functions"},"function":{"name":"us-central1-placesNearby"},"extension":{},"message":"[runtime-status] [10412] Resolved module firebase-functions {\"declared\":true,\"installed\":true,\"version\":\"3.20.1\",\"resolution\":\"C:\\\\Users\\\\Marios\\\\Documents\\\\ReactNativeProjects\\\\RNMealsToGo\\\\MealsToGo\\\\functions\\\\node_modules\\\\firebase-functions\\\\lib\\\\index.js\"}"}}
[debug] [2022-05-03T16:27:30.698Z] [runtime-status] [10412] Resolved module firebase-admin {"declared":true,"installed":true,"version":"10.1.0","resolution":"C:\\Users\\Marios\\Documents\\ReactNativeProjects\\RNMealsToGo\\MealsToGo\\functions\\node_modules\\firebase-admin\\lib\\index.js"} {"metadata":{"emulator":{"name":"functions"},"function":{"name":"us-central1-placesNearby"},"extension":{},"message":"[runtime-status] [10412] Resolved module firebase-admin {\"declared\":true,\"installed\":true,\"version\":\"10.1.0\",\"resolution\":\"C:\\\\Users\\\\Marios\\\\Documents\\\\ReactNativeProjects\\\\RNMealsToGo\\\\MealsToGo\\\\functions\\\\node_modules\\\\firebase-admin\\\\lib\\\\index.js\"}"}}
[debug] [2022-05-03T16:27:30.699Z] [runtime-status] [10412] Resolved module firebase-functions {"declared":true,"installed":true,"version":"3.20.1","resolution":"C:\\Users\\Marios\\Documents\\ReactNativeProjects\\RNMealsToGo\\MealsToGo\\functions\\node_modules\\firebase-functions\\lib\\index.js"} {"metadata":{"emulator":{"name":"functions"},"function":{"name":"us-central1-placesNearby"},"extension":{},"message":"[runtime-status] [10412] Resolved module firebase-functions {\"declared\":true,\"installed\":true,\"version\":\"3.20.1\",\"resolution\":\"C:\\\\Users\\\\Marios\\\\Documents\\\\ReactNativeProjects\\\\RNMealsToGo\\\\MealsToGo\\\\functions\\\\node_modules\\\\firebase-functions\\\\lib\\\\index.js\"}"}}
[debug] [2022-05-03T16:27:30.699Z] [runtime-status] [10412] firebase-admin has been stubbed. {"adminResolution":{"declared":true,"installed":true,"version":"10.1.0","resolution":"C:\\Users\\Marios\\Documents\\ReactNativeProjects\\RNMealsToGo\\MealsToGo\\functions\\node_modules\\firebase-admin\\lib\\index.js"}} {"metadata":{"emulator":{"name":"functions"},"function":{"name":"us-central1-placesNearby"},"extension":{},"message":"[runtime-status] [10412] firebase-admin has been stubbed. {\"adminResolution\":{\"declared\":true,\"installed\":true,\"version\":\"10.1.0\",\"resolution\":\"C:\\\\Users\\\\Marios\\\\Documents\\\\ReactNativeProjects\\\\RNMealsToGo\\\\MealsToGo\\\\functions\\\\node_modules\\\\firebase-admin\\\\lib\\\\index.js\"}}"}}
[debug] [2022-05-03T16:27:30.709Z] [runtime-status] [10412] Beginning invocation function placesNearby! {"metadata":{"emulator":{"name":"functions"},"function":{"name":"us-central1-placesNearby"},"extension":{},"message":"[runtime-status] [10412] Beginning invocation function placesNearby!"}}
[info] i  functions: Beginning execution of "placesNearby" {"metadata":{"emulator":{"name":"functions"},"function":{"name":"us-central1-placesNearby"},"extension":{},"message":"Beginning execution of \"placesNearby\""}}
[debug] [2022-05-03T16:27:30.711Z] [runtime-status] [10412] Running placesNearby in signature http {"metadata":{"emulator":{"name":"functions"},"function":{"name":"us-central1-placesNearby"},"extension":{},"message":"[runtime-status] [10412] Running placesNearby in signature http"}}
[debug] [2022-05-03T16:27:30.715Z] [runtime-status] [10412] Attempting to listen to socketPath: \\?\pipe\C:\Users\Marios\Documents\ReactNativeProjects\RNMealsToGo\MealsToGo\functions\10412 {"metadata":{"emulator":{"name":"functions"},"function":{"name":"us-central1-placesNearby"},"extension":{},"message":"[runtime-status] [10412] Attempting to listen to socketPath: \\\\?\\pipe\\C:\\Users\\Marios\\Documents\\ReactNativeProjects\\RNMealsToGo\\MealsToGo\\functions\\10412"}}
[debug] [2022-05-03T16:27:30.720Z] [functions] Runtime ready! Sending request! {"metadata":{"emulator":{"name":"functions"},"message":"[functions] Runtime ready! Sending request!"}}
[debug] [2022-05-03T16:27:30.721Z] [functions] Got req.url=/mealstogo-b3cc7/us-central1/placesNearby?location=51.219448,4.402464, mapping to path=/?location=51.219448,4.402464 {"metadata":{"emulator":{"name":"functions"},"message":"[functions] Got req.url=/mealstogo-b3cc7/us-central1/placesNearby?location=51.219448,4.402464, mapping to path=/?location=51.219448,4.402464"}}
[debug] [2022-05-03T16:27:30.733Z] [runtime-status] [10412] Ephemeral server handling GET request {"metadata":{"emulator":{"name":"functions"},"function":{"name":"us-central1-placesNearby"},"extension":{},"message":"[runtime-status] [10412] Ephemeral server handling GET request"}}
[debug] [2022-05-03T16:27:30.740Z] [runtime-status] [10412] Ephemeral server survived. {"metadata":{"emulator":{"name":"functions"},"function":{"name":"us-central1-placesNearby"},"extension":{},"message":"[runtime-status] [10412] Ephemeral server survived."}}
[info] i  functions: Finished "placesNearby" in ~1s {"metadata":{"emulator":{"name":"functions"},"function":{"name":"us-central1-placesNearby"},"extension":{},"message":"Finished \"placesNearby\" in ~1s"}}
[debug] [2022-05-03T16:27:30.746Z] [worker-us-central1-placesNearby-03a68998-da04-4460-af74-27272aed20b7]: IDLE {"metadata":{"emulator":{"name":"functions"},"message":"[worker-us-central1-placesNearby-03a68998-da04-4460-af74-27272aed20b7]: IDLE"}}
[debug] [2022-05-03T16:27:30.746Z] [work-queue] {"queueLength":0,"workRunningCount":0}
[debug] [2022-05-03T17:02:23.295Z] Received signal SIGHUP 1
